<?xml version="1.0" encoding="UTF-8"?>
<!-- Generated by org.testng.reporters.JUnitReportReporter -->
<testsuite hostname="MacBook-Pro.ht.home" failures="0" tests="25" name="com.tutorialsninja.runner.Runner_TestNG" time="159.106" errors="0" timestamp="2024-08-25T18:16:20 EDT" skipped="0">
  <testcase classname="com.tutorialsninja.runner.Runner_TestNG" name="runScenario" time="5.227"/>
  <testcase classname="com.tutorialsninja.runner.Runner_TestNG" name="runScenario" time="5.400"/>
  <testcase classname="com.tutorialsninja.runner.Runner_TestNG" name="runScenario" time="5.277"/>
  <testcase classname="com.tutorialsninja.runner.Runner_TestNG" name="runScenario" time="4.032"/>
  <testcase classname="com.tutorialsninja.runner.Runner_TestNG" name="runScenario" time="16.067"/>
  <testcase classname="com.tutorialsninja.runner.Runner_TestNG" name="runScenario" time="4.896"/>
  <testcase classname="com.tutorialsninja.runner.Runner_TestNG" name="runScenario" time="4.905"/>
  <testcase classname="com.tutorialsninja.runner.Runner_TestNG" name="runScenario" time="14.290"/>
  <testcase classname="com.tutorialsninja.runner.Runner_TestNG" name="runScenario" time="6.216"/>
  <testcase classname="com.tutorialsninja.runner.Runner_TestNG" name="runScenario" time="4.539"/>
  <testcase classname="com.tutorialsninja.runner.Runner_TestNG" name="runScenario" time="6.598"/>
  <testcase classname="com.tutorialsninja.runner.Runner_TestNG" name="runScenario" time="5.116"/>
  <testcase classname="com.tutorialsninja.runner.Runner_TestNG" name="runScenario" time="5.282"/>
  <testcase classname="com.tutorialsninja.runner.Runner_TestNG" name="runScenario" time="4.694"/>
  <testcase classname="com.tutorialsninja.runner.Runner_TestNG" name="runScenario" time="5.051"/>
  <testcase classname="com.tutorialsninja.runner.Runner_TestNG" name="runScenario" time="8.911"/>
  <testcase classname="com.tutorialsninja.runner.Runner_TestNG" name="runScenario" time="6.649"/>
  <testcase classname="com.tutorialsninja.runner.Runner_TestNG" name="runScenario" time="7.278"/>
  <testcase classname="com.tutorialsninja.runner.Runner_TestNG" name="runScenario" time="6.283"/>
  <testcase classname="com.tutorialsninja.runner.Runner_TestNG" name="runScenario" time="5.565"/>
  <testcase classname="com.tutorialsninja.runner.Runner_TestNG" name="runScenario" time="5.674"/>
  <testcase classname="com.tutorialsninja.runner.Runner_TestNG" name="runScenario" time="5.361"/>
  <testcase classname="com.tutorialsninja.runner.Runner_TestNG" name="runScenario" time="5.483"/>
  <testcase classname="com.tutorialsninja.runner.Runner_TestNG" name="runScenario" time="5.119"/>
  <testcase classname="com.tutorialsninja.runner.Runner_TestNG" name="runScenario" time="5.193"/>
</testsuite> <!-- com.tutorialsninja.runner.Runner_TestNG -->
