<?xml version="1.0" encoding="UTF-8"?>
<!-- Generated by org.testng.reporters.JUnitReportReporter -->
<testsuite hostname="MacBook-Pro.ht.home" failures="0" tests="25" name="com.tutorialsninja.runner.Runner_TestNG" time="152.774" errors="0" timestamp="2024-08-26T16:57:49 EDT" skipped="0">
  <testcase classname="com.tutorialsninja.runner.Runner_TestNG" name="runScenario" time="5.079"/>
  <testcase classname="com.tutorialsninja.runner.Runner_TestNG" name="runScenario" time="5.625"/>
  <testcase classname="com.tutorialsninja.runner.Runner_TestNG" name="runScenario" time="4.794"/>
  <testcase classname="com.tutorialsninja.runner.Runner_TestNG" name="runScenario" time="6.040"/>
  <testcase classname="com.tutorialsninja.runner.Runner_TestNG" name="runScenario" time="5.155"/>
  <testcase classname="com.tutorialsninja.runner.Runner_TestNG" name="runScenario" time="4.908"/>
  <testcase classname="com.tutorialsninja.runner.Runner_TestNG" name="runScenario" time="6.338"/>
  <testcase classname="com.tutorialsninja.runner.Runner_TestNG" name="runScenario" time="7.673"/>
  <testcase classname="com.tutorialsninja.runner.Runner_TestNG" name="runScenario" time="4.624"/>
  <testcase classname="com.tutorialsninja.runner.Runner_TestNG" name="runScenario" time="4.471"/>
  <testcase classname="com.tutorialsninja.runner.Runner_TestNG" name="runScenario" time="5.170"/>
  <testcase classname="com.tutorialsninja.runner.Runner_TestNG" name="runScenario" time="4.424"/>
  <testcase classname="com.tutorialsninja.runner.Runner_TestNG" name="runScenario" time="4.586"/>
  <testcase classname="com.tutorialsninja.runner.Runner_TestNG" name="runScenario" time="4.165"/>
  <testcase classname="com.tutorialsninja.runner.Runner_TestNG" name="runScenario" time="15.740"/>
  <testcase classname="com.tutorialsninja.runner.Runner_TestNG" name="runScenario" time="5.092"/>
  <testcase classname="com.tutorialsninja.runner.Runner_TestNG" name="runScenario" time="5.877"/>
  <testcase classname="com.tutorialsninja.runner.Runner_TestNG" name="runScenario" time="14.071"/>
  <testcase classname="com.tutorialsninja.runner.Runner_TestNG" name="runScenario" time="5.317"/>
  <testcase classname="com.tutorialsninja.runner.Runner_TestNG" name="runScenario" time="5.350"/>
  <testcase classname="com.tutorialsninja.runner.Runner_TestNG" name="runScenario" time="4.865"/>
  <testcase classname="com.tutorialsninja.runner.Runner_TestNG" name="runScenario" time="6.546"/>
  <testcase classname="com.tutorialsninja.runner.Runner_TestNG" name="runScenario" time="5.143"/>
  <testcase classname="com.tutorialsninja.runner.Runner_TestNG" name="runScenario" time="5.103"/>
  <testcase classname="com.tutorialsninja.runner.Runner_TestNG" name="runScenario" time="6.618"/>
</testsuite> <!-- com.tutorialsninja.runner.Runner_TestNG -->
